Startup: begin
Startup: SDL initialized
Startup: window created
Startup: OpenGL context created
Startup: WebGPU ready: D3D12 NVIDIA GeForce RTX 4090 Laptop GPU
Startup: Offscreen smoke passed: clear/submit 1280x720
Startup: ImGui initialized
Startup: initial scene loaded
Startup: begin
Startup: SDL initialized
Startup: window created
Startup: OpenGL context created
Startup: WebGPU ready: D3D12 NVIDIA GeForce RTX 4090 Laptop GPU
Startup: Offscreen smoke passed: clear/submit 1280x720
Startup: ImGui initialized
Startup: initial scene loaded
Startup: begin
Startup: SDL initialized
Startup: window created
Startup: OpenGL context created
Startup: WebGPU ready: D3D12 NVIDIA GeForce RTX 4090 Laptop GPU
Startup: Offscreen smoke passed: clear/submit 1280x720
Startup: ImGui initialized
Startup: initial scene loaded
Render: WebGPU triangle window opened
Startup: begin
Startup: SDL initialized
Startup: window created
Startup: OpenGL context created
Startup: WebGPU ready: D3D12 NVIDIA GeForce RTX 4090 Laptop GPU
Startup: Offscreen smoke passed: clear/submit 1280x720
Startup: ImGui initialized
Startup: initial scene loaded
Render: WebGPU marker window opened
Startup: begin
Startup: SDL initialized
Startup: SDL_CreateWindow attempt 1 failed: SetProp() failed: Not enough memory resources are available to process this command.
Startup diagnostics: SDL_CreateWindow attempt 1
  Win32 last error: 0 (The operation completed successfully.)
  USER handles: 12
  GDI handles: 12
  Working set: 45436 KB
  Pagefile usage: 64828 KB
  avbd_demo3d.exe processes: 1
  Executable: C:\code\avbd-demo3d\build-webgpu-dawn-nmake3\avbd_demo3d.exe
  Working directory: C:\code\avbd-demo3d
Startup: window created on retry 2
Startup: window created
Startup: OpenGL context created
Startup: WebGPU ready: D3D12 NVIDIA GeForce RTX 4090 Laptop GPU
Startup: Offscreen smoke passed: clear/submit 1280x720
Startup: ImGui initialized
Startup: initial scene loaded
Render: WebGPU marker window opened
Startup: begin
Startup: SDL initialized
Startup: window created
Startup: OpenGL context created
Startup: WebGPU ready: D3D12 NVIDIA GeForce RTX 4090 Laptop GPU
Startup: Offscreen smoke passed: clear/submit 1280x720
Startup: Compute smoke passed: storage dispatch/readback
Startup: ImGui initialized
Startup: initial scene loaded
Render: WebGPU marker window opened
