Startup: begin
Startup: SDL initialized
Startup: window created
Startup: OpenGL context created
Startup: WebGPU disabled at build time
Startup: Offscreen smoke skipped: WebGPU disabled
Startup: Compute smoke skipped: WebGPU disabled
Startup: ImGui initialized
Startup: Viewer bridge stopped
Startup: initial scene loaded
Startup: begin
Startup: SDL initialized
Startup: window created
Startup: OpenGL context created
Startup: WebGPU disabled at build time
Startup: Offscreen smoke skipped: WebGPU disabled
Startup: Compute smoke skipped: WebGPU disabled
Startup: ImGui initialized
Startup: Viewer bridge starting
Startup: initial scene loaded
Startup: begin
Startup: SDL initialized
Startup: window created
Startup: OpenGL context created
Startup: WebGPU disabled at build time
Startup: Offscreen smoke skipped: WebGPU disabled
Startup: Compute smoke skipped: WebGPU disabled
Startup: ImGui initialized
Startup: Viewer bridge starting
Startup: initial scene loaded
Startup: begin
Startup: SDL initialized
Startup: window created
Startup: OpenGL context created
Startup: WebGPU disabled at build time
Startup: Offscreen smoke skipped: WebGPU disabled
Startup: Compute smoke skipped: WebGPU disabled
Startup: ImGui initialized
Startup: Viewer bridge starting
Startup: initial scene loaded
Startup: begin
Startup: SDL initialized
Startup: SDL_CreateWindow attempt 1 failed: SetProp() failed: Not enough memory resources are available to process this command.
Startup diagnostics: SDL_CreateWindow attempt 1
  Win32 last error: 1400 (Invalid window handle.)
  USER handles: 12
  GDI handles: 12
  Working set: 45480 KB
  Pagefile usage: 64636 KB
  avbd_demo3d.exe processes: 1
  Executable: C:\code\avbd-demo3d\build-viewer-bridge-nmake\avbd_demo3d.exe
  Working directory: C:\code\avbd-demo3d\build-viewer-bridge-nmake
Startup: window created on retry 2
Startup: window created
Startup: OpenGL context created
Startup: WebGPU disabled at build time
Startup: Offscreen smoke skipped: WebGPU disabled
Startup: Compute smoke skipped: WebGPU disabled
Startup: ImGui initialized
Startup: Viewer bridge starting
Startup: initial scene loaded
Startup: begin
Startup: SDL initialized
Startup: window created
Startup: OpenGL context created
Startup: WebGPU disabled at build time
Startup: Offscreen smoke skipped: WebGPU disabled
Startup: Compute smoke skipped: WebGPU disabled
Startup: ImGui initialized
Startup: Viewer bridge starting
Startup: initial scene loaded
Startup: begin
Startup: SDL initialized
Startup: window created
Startup: OpenGL context created
Startup: WebGPU disabled at build time
Startup: Offscreen smoke skipped: WebGPU disabled
Startup: Compute smoke skipped: WebGPU disabled
Startup: ImGui initialized
Startup: Viewer bridge starting
Startup: initial scene loaded
Startup: begin
Startup: SDL initialized
Startup: SDL_CreateWindow attempt 1 failed: SetProp() failed: Not enough memory resources are available to process this command.
Startup diagnostics: SDL_CreateWindow attempt 1
  Win32 last error: 1400 (Invalid window handle.)
  USER handles: 12
  GDI handles: 12
  Working set: 45512 KB
  Pagefile usage: 64604 KB
  avbd_demo3d.exe processes: 1
  Executable: C:\code\avbd-demo3d\build-viewer-bridge-nmake\avbd_demo3d.exe
  Working directory: C:\code\avbd-demo3d\build-viewer-bridge-nmake
Startup: SDL_CreateWindow attempt 2 failed: SetProp() failed: Not enough memory resources are available to process this command.
Startup diagnostics: SDL_CreateWindow attempt 2
  Win32 last error: 1400 (Invalid window handle.)
  USER handles: 12
  GDI handles: 12
  Working set: 45640 KB
  Pagefile usage: 64660 KB
  avbd_demo3d.exe processes: 1
  Executable: C:\code\avbd-demo3d\build-viewer-bridge-nmake\avbd_demo3d.exe
  Working directory: C:\code\avbd-demo3d\build-viewer-bridge-nmake
Startup: SDL_CreateWindow attempt 3 failed: SetProp() failed: Not enough memory resources are available to process this command.
Startup diagnostics: SDL_CreateWindow attempt 3
  Win32 last error: 1400 (Invalid window handle.)
  USER handles: 12
  GDI handles: 12
  Working set: 45652 KB
  Pagefile usage: 65188 KB
  avbd_demo3d.exe processes: 1
  Executable: C:\code\avbd-demo3d\build-viewer-bridge-nmake\avbd_demo3d.exe
  Working directory: C:\code\avbd-demo3d\build-viewer-bridge-nmake
Startup: resetting SDL video subsystem after window creation failures
Startup: SDL_CreateWindow attempt 1 failed: SetProp() failed: Not enough memory resources are available to process this command.
Startup diagnostics: SDL_CreateWindow attempt 1
  Win32 last error: 1400 (Invalid window handle.)
  USER handles: 12
  GDI handles: 12
  Working set: 45696 KB
  Pagefile usage: 65120 KB
  avbd_demo3d.exe processes: 1
  Executable: C:\code\avbd-demo3d\build-viewer-bridge-nmake\avbd_demo3d.exe
  Working directory: C:\code\avbd-demo3d\build-viewer-bridge-nmake
Startup: window created on retry 2
Startup: window created after SDL video subsystem reset
Startup: window created
Startup: OpenGL context created
Startup: WebGPU disabled at build time
Startup: Offscreen smoke skipped: WebGPU disabled
Startup: Compute smoke skipped: WebGPU disabled
Startup: ImGui initialized
Startup: Viewer bridge starting
Startup: initial scene loaded
Startup: begin
Startup: SDL initialized
Startup: SDL_CreateWindow attempt 1 failed: SetProp() failed: Not enough memory resources are available to process this command.
Startup diagnostics: SDL_CreateWindow attempt 1
  Win32 last error: 1400 (Invalid window handle.)
  USER handles: 12
  GDI handles: 12
  Working set: 45472 KB
  Pagefile usage: 64680 KB
  avbd_demo3d.exe processes: 1
  Executable: C:\code\avbd-demo3d\build-viewer-bridge-nmake\avbd_demo3d.exe
  Working directory: C:\code\avbd-demo3d\build-viewer-bridge-nmake
Startup: SDL_CreateWindow attempt 2 failed: SetProp() failed: Not enough memory resources are available to process this command.
Startup diagnostics: SDL_CreateWindow attempt 2
  Win32 last error: 1400 (Invalid window handle.)
  USER handles: 12
  GDI handles: 12
  Working set: 45600 KB
  Pagefile usage: 64852 KB
  avbd_demo3d.exe processes: 1
  Executable: C:\code\avbd-demo3d\build-viewer-bridge-nmake\avbd_demo3d.exe
  Working directory: C:\code\avbd-demo3d\build-viewer-bridge-nmake
Startup: SDL_CreateWindow attempt 3 failed: SetProp() failed: Not enough memory resources are available to process this command.
Startup diagnostics: SDL_CreateWindow attempt 3
  Win32 last error: 1400 (Invalid window handle.)
  USER handles: 12
  GDI handles: 12
  Working set: 45632 KB
  Pagefile usage: 65368 KB
  avbd_demo3d.exe processes: 1
  Executable: C:\code\avbd-demo3d\build-viewer-bridge-nmake\avbd_demo3d.exe
  Working directory: C:\code\avbd-demo3d\build-viewer-bridge-nmake
Startup: resetting SDL video subsystem after window creation failures
Startup: SDL_CreateWindow attempt 1 failed: SetProp() failed: Not enough memory resources are available to process this command.
Startup diagnostics: SDL_CreateWindow attempt 1
  Win32 last error: 1400 (Invalid window handle.)
  USER handles: 12
  GDI handles: 12
  Working set: 45672 KB
  Pagefile usage: 65132 KB
  avbd_demo3d.exe processes: 1
  Executable: C:\code\avbd-demo3d\build-viewer-bridge-nmake\avbd_demo3d.exe
  Working directory: C:\code\avbd-demo3d\build-viewer-bridge-nmake
Startup: window created on retry 2
Startup: window created after SDL video subsystem reset
Startup: window created
Startup: OpenGL context created
Startup: WebGPU disabled at build time
Startup: Offscreen smoke skipped: WebGPU disabled
Startup: Compute smoke skipped: WebGPU disabled
Startup: ImGui initialized
Startup: Viewer bridge starting
Startup: initial scene loaded
Startup: begin
Startup: SDL initialized
Startup: SDL_CreateWindow attempt 1 failed: SetProp() failed: Not enough memory resources are available to process this command.
Startup diagnostics: SDL_CreateWindow attempt 1
  Win32 last error: 1400 (Invalid window handle.)
  USER handles: 12
  GDI handles: 12
  Working set: 45568 KB
  Pagefile usage: 64852 KB
  avbd_demo3d.exe processes: 1
  Executable: C:\code\avbd-demo3d\build-viewer-bridge-nmake\avbd_demo3d.exe
  Working directory: C:\code\avbd-demo3d\build-viewer-bridge-nmake
Startup: window created on retry 2
Startup: window created
Startup: OpenGL context created
Startup: WebGPU disabled at build time
Startup: Offscreen smoke skipped: WebGPU disabled
Startup: Compute smoke skipped: WebGPU disabled
Startup: ImGui initialized
Startup: Viewer bridge starting
Startup: initial scene loaded
Startup: begin
Startup: scene override 'Sphere Pour on Cylinders' -> Sphere Pour on Cylinders
Startup: SDL initialized
Startup: window created
Startup: OpenGL context created
Startup: WebGPU disabled at build time
Startup: Offscreen smoke skipped: WebGPU disabled
Startup: Compute smoke skipped: WebGPU disabled
Startup: ImGui initialized
Startup: Viewer bridge starting
Startup: initial scene loaded
Startup: begin
Startup: scene override 'Capsule Stack' -> Capsule Stack
Startup: SDL initialized
Startup: window created
Startup: OpenGL context created
Startup: WebGPU disabled at build time
Startup: Offscreen smoke skipped: WebGPU disabled
Startup: Compute smoke skipped: WebGPU disabled
Startup: ImGui initialized
Startup: Viewer bridge starting
Startup: initial scene loaded
Startup: begin
Startup: SDL initialized
Startup: window created
Startup: OpenGL context created
Startup: WebGPU disabled at build time
Startup: Offscreen smoke skipped: WebGPU disabled
Startup: Compute smoke skipped: WebGPU disabled
Startup: ImGui initialized
Startup: Viewer bridge starting
Startup: initial scene loaded
Shutdown: complete
Startup: begin
Startup: SDL initialized
Startup: window created
Startup: OpenGL context created
Startup: WebGPU disabled at build time
Startup: Offscreen smoke skipped: WebGPU disabled
Startup: Compute smoke skipped: WebGPU disabled
Startup: ImGui initialized
Startup: Viewer bridge starting
Startup: initial scene loaded
Shutdown: complete
Startup: begin
Startup: SDL initialized
Startup: window created
Startup: OpenGL context created
Startup: WebGPU disabled at build time
Startup: Offscreen smoke skipped: WebGPU disabled
Startup: Compute smoke skipped: WebGPU disabled
Startup: ImGui initialized
Startup: Viewer bridge starting
Startup: initial scene loaded
Startup: begin
Startup: SDL initialized
Startup: window created
Startup: OpenGL context created
Startup: WebGPU disabled at build time
Startup: Offscreen smoke skipped: WebGPU disabled
Startup: Compute smoke skipped: WebGPU disabled
Startup: ImGui initialized
Startup: Viewer bridge starting
Startup: initial scene loaded
